This is pdfTeX, Version 3.141592653-2.6-1.40.25 (MiKTeX 23.10.12) (preloaded format=pdflatex 2023.12.22)  28 DEC 2023 07:21
entering extended mode
 \write18 enabled.
 file:line:error style messages enabled.
 %&-line parsing enabled.
**"c:/Users/breit/Desktop/VScode/Quantum Boltzmann Machines and Autoencoders/main.tex"
(c:/Users/breit/Desktop/VScode/Quantum Boltzmann Machines and Autoencoders/main.tex
LaTeX2e <2023-11-01>
L3 programming layer <2023-12-11>
(C:\Users\breit\AppData\Local\Programs\MiKTeX\tex/latex/base\report.cls
Document Class: report 2023/05/17 v1.4n Standard LaTeX document class
(C:\Users\breit\AppData\Local\Programs\MiKTeX\tex/latex/base\size10.clo
File: size10.clo 2023/05/17 v1.4n Standard LaTeX file (size option)
)
\c@part=\count187
\c@chapter=\count188
\c@section=\count189
\c@subsection=\count190
\c@subsubsection=\count191
\c@paragraph=\count192
\c@subparagraph=\count193
\c@figure=\count194
\c@table=\count195
\abovecaptionskip=\skip48
\belowcaptionskip=\skip49
\bibindent=\dimen140
) (Utility/packages.tex (C:\Users\breit\AppData\Local\Programs\MiKTeX\tex/latex/graphics\graphicx.sty
Package: graphicx 2021/09/16 v1.2d Enhanced LaTeX Graphics (DPC,SPQR)
 (C:\Users\breit\AppData\Local\Programs\MiKTeX\tex/latex/graphics\keyval.sty
Package: keyval 2022/05/29 v1.15 key=value parser (DPC)
\KV@toks@=\toks17
) (C:\Users\breit\AppData\Local\Programs\MiKTeX\tex/latex/graphics\graphics.sty
Package: graphics 2022/03/10 v1.4e Standard LaTeX Graphics (DPC,SPQR)
 (C:\Users\breit\AppData\Local\Programs\MiKTeX\tex/latex/graphics\trig.sty
Package: trig 2021/08/11 v1.11 sin cos tan (DPC)
) (C:\Users\breit\AppData\Local\Programs\MiKTeX\tex/latex/graphics-cfg\graphics.cfg
File: graphics.cfg 2016/06/04 v1.11 sample graphics configuration
)
Package graphics Info: Driver file: pdftex.def on input line 107.
 (C:\Users\breit\AppData\Local\Programs\MiKTeX\tex/latex/graphics-def\pdftex.def
File: pdftex.def 2022/09/22 v1.2b Graphics/color driver for pdftex
))
\Gin@req@height=\dimen141
\Gin@req@width=\dimen142
) (C:\Users\breit\AppData\Local\Programs\MiKTeX\tex/latex/tools\tabularx.sty
Package: tabularx 2023/07/08 v2.11c `tabularx' package (DPC)
 (C:\Users\breit\AppData\Local\Programs\MiKTeX\tex/latex/tools\array.sty
Package: array 2023/10/16 v2.5g Tabular extension package (FMi)
\col@sep=\dimen143
\ar@mcellbox=\box51
\extrarowheight=\dimen144
\NC@list=\toks18
\extratabsurround=\skip50
\backup@length=\skip51
\ar@cellbox=\box52
)
\TX@col@width=\dimen145
\TX@old@table=\dimen146
\TX@old@col=\dimen147
\TX@target=\dimen148
\TX@delta=\dimen149
\TX@cols=\count196
\TX@ftn=\toks19
) (C:\Users\breit\AppData\Local\Programs\MiKTeX\tex/latex/caption\caption.sty
Package: caption 2023/08/05 v3.6o Customizing captions (AR)
 (C:\Users\breit\AppData\Local\Programs\MiKTeX\tex/latex/caption\caption3.sty
Package: caption3 2023/07/31 v2.4d caption3 kernel (AR)
\caption@tempdima=\dimen150
\captionmargin=\dimen151
\caption@leftmargin=\dimen152
\caption@rightmargin=\dimen153
\caption@width=\dimen154
\caption@indent=\dimen155
\caption@parindent=\dimen156
\caption@hangindent=\dimen157
Package caption Info: Standard document class detected.
)
\c@caption@flags=\count197
\c@continuedfloat=\count198
) (C:\Users\breit\AppData\Local\Programs\MiKTeX\tex/latex/caption\subcaption.sty
Package: subcaption 2023/07/28 v1.6b Sub-captions (AR)
Package caption Info: New subtype `subfigure' on input line 238.
\c@subfigure=\count199
Package caption Info: New subtype `subtable' on input line 238.
\c@subtable=\count266
) (C:\Users\breit\AppData\Local\Programs\MiKTeX\tex/latex/algorithms\algorithm.sty
Package: algorithm 2009/08/24 v0.1 Document Style `algorithm' - floating environment
 (C:\Users\breit\AppData\Local\Programs\MiKTeX\tex/latex/float\float.sty
Package: float 2001/11/08 v1.3d Float enhancements (AL)
\c@float@type=\count267
\float@exts=\toks20
\float@box=\box53
\@float@everytoks=\toks21
\@floatcapt=\box54
) (C:\Users\breit\AppData\Local\Programs\MiKTeX\tex/latex/base\ifthen.sty
Package: ifthen 2022/04/13 v1.1d Standard LaTeX ifthen package (DPC)
)
\@float@every@algorithm=\toks22
\c@algorithm=\count268
) (C:\Users\breit\AppData\Local\Programs\MiKTeX\tex/latex/makecell\makecell.sty
Package: makecell 2009/08/03 V0.1e Managing of Tab Column Heads and Cells
\rotheadsize=\dimen158
\c@nlinenum=\count269
\TeXr@lab=\toks23
) (C:\Users\breit\AppData\Local\Programs\MiKTeX\tex/latex/hyperref\hyperref.sty
Package: hyperref 2023-11-26 v7.01g Hypertext links for LaTeX
 (C:\Users\breit\AppData\Local\Programs\MiKTeX\tex/generic/iftex\iftex.sty
Package: iftex 2022/02/03 v1.0f TeX engine tests
) (C:\Users\breit\AppData\Local\Programs\MiKTeX\tex/generic/infwarerr\infwarerr.sty
Package: infwarerr 2019/12/03 v1.5 Providing info/warning/error messages (HO)
) (C:\Users\breit\AppData\Local\Programs\MiKTeX\tex/latex/kvsetkeys\kvsetkeys.sty
Package: kvsetkeys 2022-10-05 v1.19 Key value parser (HO)
) (C:\Users\breit\AppData\Local\Programs\MiKTeX\tex/generic/kvdefinekeys\kvdefinekeys.sty
Package: kvdefinekeys 2019-12-19 v1.6 Define keys (HO)
) (C:\Users\breit\AppData\Local\Programs\MiKTeX\tex/generic/pdfescape\pdfescape.sty
Package: pdfescape 2019/12/09 v1.15 Implements pdfTeX's escape features (HO)
 (C:\Users\breit\AppData\Local\Programs\MiKTeX\tex/generic/ltxcmds\ltxcmds.sty
Package: ltxcmds 2023-12-04 v1.26 LaTeX kernel commands for general use (HO)
) (C:\Users\breit\AppData\Local\Programs\MiKTeX\tex/generic/pdftexcmds\pdftexcmds.sty
Package: pdftexcmds 2020-06-27 v0.33 Utility functions of pdfTeX for LuaTeX (HO)
Package pdftexcmds Info: \pdf@primitive is available.
Package pdftexcmds Info: \pdf@ifprimitive is available.
Package pdftexcmds Info: \pdfdraftmode found.
)) (C:\Users\breit\AppData\Local\Programs\MiKTeX\tex/latex/hycolor\hycolor.sty
Package: hycolor 2020-01-27 v1.10 Color options for hyperref/bookmark (HO)
) (C:\Users\breit\AppData\Local\Programs\MiKTeX\tex/latex/letltxmacro\letltxmacro.sty
Package: letltxmacro 2019/12/03 v1.6 Let assignment for LaTeX macros (HO)
) (C:\Users\breit\AppData\Local\Programs\MiKTeX\tex/latex/auxhook\auxhook.sty
Package: auxhook 2019-12-17 v1.6 Hooks for auxiliary files (HO)
) (C:\Users\breit\AppData\Local\Programs\MiKTeX\tex/latex/hyperref\nameref.sty
Package: nameref 2023-11-26 v2.56 Cross-referencing by name of section
 (C:\Users\breit\AppData\Local\Programs\MiKTeX\tex/latex/refcount\refcount.sty
Package: refcount 2019/12/15 v3.6 Data extraction from label references (HO)
) (C:\Users\breit\AppData\Local\Programs\MiKTeX\tex/generic/gettitlestring\gettitlestring.sty
Package: gettitlestring 2019/12/15 v1.6 Cleanup title references (HO)
 (C:\Users\breit\AppData\Local\Programs\MiKTeX\tex/latex/kvoptions\kvoptions.sty
Package: kvoptions 2022-06-15 v3.15 Key value format for package options (HO)
))
\c@section@level=\count270
) (C:\Users\breit\AppData\Local\Programs\MiKTeX\tex/latex/etoolbox\etoolbox.sty
Package: etoolbox 2020/10/05 v2.5k e-TeX tools for LaTeX (JAW)
\etb@tempcnta=\count271
)
\@linkdim=\dimen159
\Hy@linkcounter=\count272
\Hy@pagecounter=\count273
 (C:\Users\breit\AppData\Local\Programs\MiKTeX\tex/latex/hyperref\pd1enc.def
File: pd1enc.def 2023-11-26 v7.01g Hyperref: PDFDocEncoding definition (HO)
Now handling font encoding PD1 ...
... no UTF-8 mapping file for font encoding PD1
) (C:\Users\breit\AppData\Local\Programs\MiKTeX\tex/generic/intcalc\intcalc.sty
Package: intcalc 2019/12/15 v1.3 Expandable calculations with integers (HO)
)
\Hy@SavedSpaceFactor=\count274
 (C:\Users\breit\AppData\Local\Programs\MiKTeX\tex/latex/hyperref\puenc.def
File: puenc.def 2023-11-26 v7.01g Hyperref: PDF Unicode definition (HO)
Now handling font encoding PU ...
... no UTF-8 mapping file for font encoding PU
)
Package hyperref Info: Hyper figures OFF on input line 4181.
Package hyperref Info: Link nesting OFF on input line 4186.
Package hyperref Info: Hyper index ON on input line 4189.
Package hyperref Info: Plain pages OFF on input line 4196.
Package hyperref Info: Backreferencing OFF on input line 4201.
Package hyperref Info: Implicit mode ON; LaTeX internals redefined.
Package hyperref Info: Bookmarks ON on input line 4448.
\c@Hy@tempcnt=\count275
 (C:\Users\breit\AppData\Local\Programs\MiKTeX\tex/latex/url\url.sty
\Urlmuskip=\muskip16
Package: url 2013/09/16  ver 3.4  Verb mode for urls, etc.
)
LaTeX Info: Redefining \url on input line 4786.
\XeTeXLinkMargin=\dimen160
 (C:\Users\breit\AppData\Local\Programs\MiKTeX\tex/generic/bitset\bitset.sty
Package: bitset 2019/12/09 v1.3 Handle bit-vector datatype (HO)
 (C:\Users\breit\AppData\Local\Programs\MiKTeX\tex/generic/bigintcalc\bigintcalc.sty
Package: bigintcalc 2019/12/15 v1.5 Expandable calculations on big integers (HO)
))
\Fld@menulength=\count276
\Field@Width=\dimen161
\Fld@charsize=\dimen162
Package hyperref Info: Hyper figures OFF on input line 6065.
Package hyperref Info: Link nesting OFF on input line 6070.
Package hyperref Info: Hyper index ON on input line 6073.
Package hyperref Info: backreferencing OFF on input line 6080.
Package hyperref Info: Link coloring OFF on input line 6085.
Package hyperref Info: Link coloring with OCG OFF on input line 6090.
Package hyperref Info: PDF/A mode OFF on input line 6095.
 (C:\Users\breit\AppData\Local\Programs\MiKTeX\tex/latex/base\atbegshi-ltx.sty
Package: atbegshi-ltx 2021/01/10 v1.0c Emulation of the original atbegshi
package with kernel methods
)
\Hy@abspage=\count277
\c@Item=\count278
\c@Hfootnote=\count279
)
Package hyperref Info: Driver (autodetected): hpdftex.
 (C:\Users\breit\AppData\Local\Programs\MiKTeX\tex/latex/hyperref\hpdftex.def
File: hpdftex.def 2023-11-26 v7.01g Hyperref driver for pdfTeX
 (C:\Users\breit\AppData\Local\Programs\MiKTeX\tex/latex/base\atveryend-ltx.sty
Package: atveryend-ltx 2020/08/19 v1.0a Emulation of the original atveryend package
with kernel methods
)
\Fld@listcount=\count280
\c@bookmark@seq@number=\count281
 (C:\Users\breit\AppData\Local\Programs\MiKTeX\tex/latex/rerunfilecheck\rerunfilecheck.sty
Package: rerunfilecheck 2022-07-10 v1.10 Rerun checks for auxiliary files (HO)
 (C:\Users\breit\AppData\Local\Programs\MiKTeX\tex/generic/uniquecounter\uniquecounter.sty
Package: uniquecounter 2019/12/15 v1.4 Provide unlimited unique counter (HO)
)
Package uniquecounter Info: New unique counter `rerunfilecheck' on input line 285.
)
\Hy@SectionHShift=\skip52
) (C:\Users\breit\AppData\Local\Programs\MiKTeX\tex/latex/titlesec\titlesec.sty
Package: titlesec 2023/10/27 v2.16 Sectioning titles
\ttl@box=\box55
\beforetitleunit=\skip53
\aftertitleunit=\skip54
\ttl@plus=\dimen163
\ttl@minus=\dimen164
\ttl@toksa=\toks24
\titlewidth=\dimen165
\titlewidthlast=\dimen166
\titlewidthfirst=\dimen167
) (C:\Users\breit\AppData\Local\Programs\MiKTeX\tex/latex/braket\braket.sty) (C:\Users\breit\AppData\Local\Programs\MiKTeX\tex/latex/listings\listings.sty
\lst@mode=\count282
\lst@gtempboxa=\box56
\lst@token=\toks25
\lst@length=\count283
\lst@currlwidth=\dimen168
\lst@column=\count284
\lst@pos=\count285
\lst@lostspace=\dimen169
\lst@width=\dimen170
\lst@newlines=\count286
\lst@lineno=\count287
\lst@maxwidth=\dimen171
 (C:\Users\breit\AppData\Local\Programs\MiKTeX\tex/latex/listings\lstmisc.sty
File: lstmisc.sty 2023/02/27 1.9 (Carsten Heinz)
\c@lstnumber=\count288
\lst@skipnumbers=\count289
\lst@framebox=\box57
) (C:\Users\breit\AppData\Local\Programs\MiKTeX\tex/latex/listings\listings.cfg
File: listings.cfg 2023/02/27 1.9 listings configuration
))
Package: listings 2023/02/27 1.9 (Carsten Heinz)
 (C:\Users\breit\AppData\Local\Programs\MiKTeX\tex/latex/minted\minted.sty
Package: minted 2023/12/18 v2.9 Yet another Pygments shim for LaTeX
 (C:\Users\breit\AppData\Local\Programs\MiKTeX\tex/latex/fvextra\fvextra.sty
Package: fvextra 2023/11/28 v1.6.1 fvextra - extensions and patches for fancyvrb
 (C:\Users\breit\AppData\Local\Programs\MiKTeX\tex/latex/fancyvrb\fancyvrb.sty
Package: fancyvrb 2023/11/06 4.5b verbatim text (tvz,hv)
\FV@CodeLineNo=\count290
\FV@InFile=\read2
\FV@TabBox=\box58
\c@FancyVerbLine=\count291
\FV@StepNumber=\count292
\FV@OutFile=\write3
) (C:\Users\breit\AppData\Local\Programs\MiKTeX\tex/latex/upquote\upquote.sty
Package: upquote 2012/04/19 v1.3 upright-quote and grave-accent glyphs in verbatim
) (C:\Users\breit\AppData\Local\Programs\MiKTeX\tex/latex/lineno\lineno.sty
Package: lineno 2023/05/20 line numbers on paragraphs v5.3
\linenopenalty=\count293
\output=\toks26
\linenoprevgraf=\count294
\linenumbersep=\dimen172
\linenumberwidth=\dimen173
\c@linenumber=\count295
\c@pagewiselinenumber=\count296
\c@LN@truepage=\count297
\c@internallinenumber=\count298
\c@internallinenumbers=\count299
\quotelinenumbersep=\dimen174
\bframerule=\dimen175
\bframesep=\dimen176
\bframebox=\box59
LaTeX Info: Redefining \\ on input line 3180.
)
\c@FancyVerbWriteLine=\count300
\c@FancyVerbBufferIndex=\count301
\c@FancyVerbBufferLength=\count302
\c@FancyVerbBufferLine=\count303
\c@FV@oldbufferlength=\count304
\c@FV@TrueTabGroupLevel=\count305
\c@FV@TrueTabCounter=\count306
\FV@TabBox@Group=\box60
\FV@TmpLength=\skip55
\c@FV@HighlightLinesStart=\count307
\c@FV@HighlightLinesStop=\count308
\FV@LoopCount=\count309
\FV@NCharsBox=\box61
\FV@BreakIndent=\dimen177
\FV@BreakIndentNChars=\count310
\FV@BreakSymbolSepLeft=\dimen178
\FV@BreakSymbolSepLeftNChars=\count311
\FV@BreakSymbolSepRight=\dimen179
\FV@BreakSymbolSepRightNChars=\count312
\FV@BreakSymbolIndentLeft=\dimen180
\FV@BreakSymbolIndentLeftNChars=\count313
\FV@BreakSymbolIndentRight=\dimen181
\FV@BreakSymbolIndentRightNChars=\count314
\c@FancyVerbLineBreakLast=\count315
\FV@LineBox=\box62
\FV@LineIndentBox=\box63
\c@FV@BreakBufferDepth=\count316
\FV@LineWidth=\dimen182
) (C:\Users\breit\AppData\Local\Programs\MiKTeX\tex/latex/tools\shellesc.sty
Package: shellesc 2023/07/08 v1.0d unified shell escape interface for LaTeX
Package shellesc Info: Unrestricted shell escape enabled on input line 75.
) (C:\Users\breit\AppData\Local\Programs\MiKTeX\tex/latex/ifplatform\ifplatform.sty
Package: ifplatform 2017/10/13 v0.4a Testing for the operating system
 (C:\Users\breit\AppData\Local\Programs\MiKTeX\tex/generic/catchfile\catchfile.sty
Package: catchfile 2019/12/09 v1.8 Catch the contents of a file (HO)
 (C:\Users\breit\AppData\Local\Programs\MiKTeX\tex/generic/etexcmds\etexcmds.sty
Package: etexcmds 2019/12/15 v1.7 Avoid name clashes with e-TeX commands (HO)
)) (C:\Users\breit\AppData\Local\Programs\MiKTeX\tex/generic/iftex\ifluatex.sty
Package: ifluatex 2019/10/25 v1.5 ifluatex legacy package. Use iftex instead.
)) (C:\Users\breit\AppData\Local\Programs\MiKTeX\tex/latex/xstring\xstring.sty (C:\Users\breit\AppData\Local\Programs\MiKTeX\tex/generic/xstring\xstring.tex
\xs_counta=\count317
\xs_countb=\count318
)
Package: xstring 2023/08/22 v1.86 String manipulations (CT)
) (C:\Users\breit\AppData\Local\Programs\MiKTeX\tex/latex/framed\framed.sty
Package: framed 2011/10/22 v 0.96: framed or shaded text with page breaks
\OuterFrameSep=\skip56
\fb@frw=\dimen183
\fb@frh=\dimen184
\FrameRule=\dimen185
\FrameSep=\dimen186
)
\minted@appexistsfile=\read3
\minted@bgbox=\box64
\minted@code=\write4
\c@minted@FancyVerbLineTemp=\count319
\c@minted@pygmentizecounter=\count320
\@float@every@listing=\toks27
\c@listing=\count321
)
runsystem(if not exist _minted-main mkdir _minted-main)...executed.

 (C:\Users\breit\AppData\Local\Programs\MiKTeX\tex/latex/l3packages/xparse\xparse.sty (C:\Users\breit\AppData\Local\Programs\MiKTeX\tex/latex/l3kernel\expl3.sty
Package: expl3 2023-12-11 L3 programming layer (loader) 
 (C:\Users\breit\AppData\Local\Programs\MiKTeX\tex/latex/l3backend\l3backend-pdftex.def
File: l3backend-pdftex.def 2023-11-09 L3 backend support: PDF output (pdfTeX)
\l__color_backend_stack_int=\count322
\l__pdf_internal_box=\box65
))
Package: xparse 2023-10-10 L3 Experimental document command parser
) (C:\Users\breit\AppData\Local\Programs\MiKTeX\tex/latex/amsmath\amsmath.sty
Package: amsmath 2023/05/13 v2.17o AMS math features
\@mathmargin=\skip57

For additional information on amsmath, use the `?' option.
(C:\Users\breit\AppData\Local\Programs\MiKTeX\tex/latex/amsmath\amstext.sty
Package: amstext 2021/08/26 v2.01 AMS text
 (C:\Users\breit\AppData\Local\Programs\MiKTeX\tex/latex/amsmath\amsgen.sty
File: amsgen.sty 1999/11/30 v2.0 generic functions
\@emptytoks=\toks28
\ex@=\dimen187
)) (C:\Users\breit\AppData\Local\Programs\MiKTeX\tex/latex/amsmath\amsbsy.sty
Package: amsbsy 1999/11/29 v1.2d Bold Symbols
\pmbraise@=\dimen188
) (C:\Users\breit\AppData\Local\Programs\MiKTeX\tex/latex/amsmath\amsopn.sty
Package: amsopn 2022/04/08 v2.04 operator names
)
\inf@bad=\count323
LaTeX Info: Redefining \frac on input line 234.
\uproot@=\count324
\leftroot@=\count325
LaTeX Info: Redefining \overline on input line 399.
LaTeX Info: Redefining \colon on input line 410.
\classnum@=\count326
\DOTSCASE@=\count327
LaTeX Info: Redefining \ldots on input line 496.
LaTeX Info: Redefining \dots on input line 499.
LaTeX Info: Redefining \cdots on input line 620.
\Mathstrutbox@=\box66
\strutbox@=\box67
LaTeX Info: Redefining \big on input line 722.
LaTeX Info: Redefining \Big on input line 723.
LaTeX Info: Redefining \bigg on input line 724.
LaTeX Info: Redefining \Bigg on input line 725.
\big@size=\dimen189
LaTeX Font Info:    Redeclaring font encoding OML on input line 743.
LaTeX Font Info:    Redeclaring font encoding OMS on input line 744.
\macc@depth=\count328
LaTeX Info: Redefining \bmod on input line 905.
LaTeX Info: Redefining \pmod on input line 910.
LaTeX Info: Redefining \smash on input line 940.
LaTeX Info: Redefining \relbar on input line 970.
LaTeX Info: Redefining \Relbar on input line 971.
\c@MaxMatrixCols=\count329
\dotsspace@=\muskip17
\c@parentequation=\count330
\dspbrk@lvl=\count331
\tag@help=\toks29
\row@=\count332
\column@=\count333
\maxfields@=\count334
\andhelp@=\toks30
\eqnshift@=\dimen190
\alignsep@=\dimen191
\tagshift@=\dimen192
\tagwidth@=\dimen193
\totwidth@=\dimen194
\lineht@=\dimen195
\@envbody=\toks31
\multlinegap=\skip58
\multlinetaggap=\skip59
\mathdisplay@stack=\toks32
LaTeX Info: Redefining \[ on input line 2953.
LaTeX Info: Redefining \] on input line 2954.
)
\linenoamsmath@ams@eqpen=\count335
 (C:\Users\breit\AppData\Local\Programs\MiKTeX\tex/latex/physics\physics.sty
Package: physics 
) (C:\Users\breit\AppData\Local\Programs\MiKTeX\tex/latex/linop\linop.sty
Package: linop 
 (C:\Users\breit\AppData\Local\Programs\MiKTeX\tex/latex/tools\bm.sty
Package: bm 2023/07/08 v1.2f Bold Symbol Support (DPC/FMi)
\symboldoperators=\mathgroup4
\symboldletters=\mathgroup5
\symboldsymbols=\mathgroup6
Package bm Info: No bold for \OMX/cmex/m/n, using \pmb.
LaTeX Font Info:    Redeclaring math alphabet \mathbf on input line 149.
)) (C:\Users\breit\AppData\Local\Programs\MiKTeX\tex/latex/amsfonts\amsfonts.sty
Package: amsfonts 2013/01/14 v3.01 Basic AMSFonts support
\symAMSa=\mathgroup7
\symAMSb=\mathgroup8
LaTeX Font Info:    Redeclaring math symbol \hbar on input line 98.
LaTeX Font Info:    Overwriting math alphabet `\mathfrak' in version `bold'
(Font)                  U/euf/m/n --> U/euf/b/n on input line 106.
) (C:\Users\breit\AppData\Local\Programs\MiKTeX\tex/latex/adjustbox\adjustbox.sty
Package: adjustbox 2022/10/17 v1.3a Adjusting TeX boxes (trim, clip, ...)
 (C:\Users\breit\AppData\Local\Programs\MiKTeX\tex/latex/xkeyval\xkeyval.sty
Package: xkeyval 2022/06/16 v2.9 package option processing (HA)
 (C:\Users\breit\AppData\Local\Programs\MiKTeX\tex/generic/xkeyval\xkeyval.tex (C:\Users\breit\AppData\Local\Programs\MiKTeX\tex/generic/xkeyval\xkvutils.tex
\XKV@toks=\toks33
\XKV@tempa@toks=\toks34
)
\XKV@depth=\count336
File: xkeyval.tex 2014/12/03 v2.7a key=value parser (HA)
)) (C:\Users\breit\AppData\Local\Programs\MiKTeX\tex/latex/adjustbox\adjcalc.sty
Package: adjcalc 2012/05/16 v1.1 Provides advanced setlength with multiple back-ends (calc, etex, pgfmath)
) (C:\Users\breit\AppData\Local\Programs\MiKTeX\tex/latex/adjustbox\trimclip.sty
Package: trimclip 2020/08/19 v1.2 Trim and clip general TeX material
 (C:\Users\breit\AppData\Local\Programs\MiKTeX\tex/latex/collectbox\collectbox.sty
Package: collectbox 2022/10/17 v0.4c Collect macro arguments as boxes
\collectedbox=\box68
)
\tc@llx=\dimen196
\tc@lly=\dimen197
\tc@urx=\dimen198
\tc@ury=\dimen199
Package trimclip Info: Using driver 'tc-pdftex.def'.
 (C:\Users\breit\AppData\Local\Programs\MiKTeX\tex/latex/adjustbox\tc-pdftex.def
File: tc-pdftex.def 2019/01/04 v2.2 Clipping driver for pdftex
))
\adjbox@Width=\dimen256
\adjbox@Height=\dimen257
\adjbox@Depth=\dimen258
\adjbox@Totalheight=\dimen259
\adjbox@pwidth=\dimen260
\adjbox@pheight=\dimen261
\adjbox@pdepth=\dimen262
\adjbox@ptotalheight=\dimen263
 (C:\Users\breit\AppData\Local\Programs\MiKTeX\tex/latex/ifoddpage\ifoddpage.sty
Package: ifoddpage 2022/10/18 v1.2 Conditionals for odd/even page detection
\c@checkoddpage=\count337
) (C:\Users\breit\AppData\Local\Programs\MiKTeX\tex/latex/varwidth\varwidth.sty
Package: varwidth 2009/03/30 ver 0.92;  Variable-width minipages
\@vwid@box=\box69
\sift@deathcycles=\count338
\@vwid@loff=\dimen264
\@vwid@roff=\dimen265
))) (C:\Users\breit\AppData\Local\Programs\MiKTeX\tex/latex/xcolor\xcolor.sty
Package: xcolor 2023/11/15 v3.01 LaTeX color extensions (UK)
 (C:\Users\breit\AppData\Local\Programs\MiKTeX\tex/latex/graphics-cfg\color.cfg
File: color.cfg 2016/01/02 v1.6 sample color configuration
)
Package xcolor Info: Driver file: pdftex.def on input line 274.
 (C:\Users\breit\AppData\Local\Programs\MiKTeX\tex/latex/graphics\mathcolor.ltx)
Package xcolor Info: Model `cmy' substituted by `cmy0' on input line 1350.
Package xcolor Info: Model `hsb' substituted by `rgb' on input line 1354.
Package xcolor Info: Model `RGB' extended on input line 1366.
Package xcolor Info: Model `HTML' substituted by `rgb' on input line 1368.
Package xcolor Info: Model `Hsb' substituted by `hsb' on input line 1369.
Package xcolor Info: Model `tHsb' substituted by `hsb' on input line 1370.
Package xcolor Info: Model `HSB' substituted by `hsb' on input line 1371.
Package xcolor Info: Model `Gray' substituted by `gray' on input line 1372.
Package xcolor Info: Model `wave' substituted by `hsb' on input line 1373.
)
runsystem(for ^%i in (pygmentize.exe pygmentize.bat pygmentize.cmd) do set > main.aex <nul: /p x=^%~$PATH:i>> main.aex)...executed.

runsystem(del main.aex)...executed.

 (main.aux)
\openout1 = `main.aux'.

LaTeX Font Info:    Checking defaults for OML/cmm/m/it on input line 4.
LaTeX Font Info:    ... okay on input line 4.
LaTeX Font Info:    Checking defaults for OMS/cmsy/m/n on input line 4.
LaTeX Font Info:    ... okay on input line 4.
LaTeX Font Info:    Checking defaults for OT1/cmr/m/n on input line 4.
LaTeX Font Info:    ... okay on input line 4.
LaTeX Font Info:    Checking defaults for T1/cmr/m/n on input line 4.
LaTeX Font Info:    ... okay on input line 4.
LaTeX Font Info:    Checking defaults for TS1/cmr/m/n on input line 4.
LaTeX Font Info:    ... okay on input line 4.
LaTeX Font Info:    Checking defaults for OMX/cmex/m/n on input line 4.
LaTeX Font Info:    ... okay on input line 4.
LaTeX Font Info:    Checking defaults for U/cmr/m/n on input line 4.
LaTeX Font Info:    ... okay on input line 4.
LaTeX Font Info:    Checking defaults for PD1/pdf/m/n on input line 4.
LaTeX Font Info:    ... okay on input line 4.
LaTeX Font Info:    Checking defaults for PU/pdf/m/n on input line 4.
LaTeX Font Info:    ... okay on input line 4.
 (C:\Users\breit\AppData\Local\Programs\MiKTeX\tex/context/base/mkii\supp-pdf.mkii
[Loading MPS to PDF converter (version 2006.09.02).]
\scratchcounter=\count339
\scratchdimen=\dimen266
\scratchbox=\box70
\nofMPsegments=\count340
\nofMParguments=\count341
\everyMPshowfont=\toks35
\MPscratchCnt=\count342
\MPscratchDim=\dimen267
\MPnumerator=\count343
\makeMPintoPDFobject=\count344
\everyMPtoPDFconversion=\toks36
) (C:\Users\breit\AppData\Local\Programs\MiKTeX\tex/latex/epstopdf-pkg\epstopdf-base.sty
Package: epstopdf-base 2020-01-24 v2.11 Base part for package epstopdf
Package epstopdf-base Info: Redefining graphics rule for `.eps' on input line 485.
 (C:\Users\breit\AppData\Local\Programs\MiKTeX\tex/latex/00miktex\epstopdf-sys.cfg
File: epstopdf-sys.cfg 2021/03/18 v2.0 Configuration of epstopdf for MiKTeX
))
Package caption Info: Begin \AtBeginDocument code.
Package caption Info: float package is loaded.
Package caption Info: hyperref package is loaded.
Package caption Info: listings package is loaded.
Package caption Info: End \AtBeginDocument code.
Package hyperref Info: Link coloring OFF on input line 4.
 (main.out) (main.out)
\@outlinefile=\write5
\openout5 = `main.out'.

 (C:\Users\breit\AppData\Local\Programs\MiKTeX\tex/latex/base\textcomp.sty
Package: textcomp 2020/02/02 v2.0n Standard LaTeX package
)
\c@lstlisting=\count345
LaTeX Font Info:    Trying to load font information for U+msa on input line 10.
 (C:\Users\breit\AppData\Local\Programs\MiKTeX\tex/latex/amsfonts\umsa.fd
File: umsa.fd 2013/01/14 v3.01 AMS symbols A
)
LaTeX Font Info:    Trying to load font information for U+msb on input line 10.
 (C:\Users\breit\AppData\Local\Programs\MiKTeX\tex/latex/amsfonts\umsb.fd
File: umsb.fd 2013/01/14 v3.01 AMS symbols B
) [1

{C:/Users/breit/AppData/Local/MiKTeX/fonts/map/pdftex/pdftex.map}] (abstract.tex
pdfTeX warning (ext4): destination with the same identifier (name{page.1}) has been already used, duplicate ignored
<to be read again> 
                   \relax 
l.3 \end{abstract}
                   [1]) (main.toc
pdfTeX warning (ext4): destination with the same identifier (name{page.1}) has been already used, duplicate ignored
<to be read again> 
                   \relax 
l.35 ...pkin-Meshkow-Glick model}{26}{section.4.4}
                                                  % [1

])
\tf@toc=\write6
\openout6 = `main.toc'.

 [2]
Chapter 1.
(introduction.tex) [3

] [4

] (Theory/Theory.tex
Chapter 2.
(Theory/Machine Learning/machinelearning.tex (Theory/Machine Learning/basicprinciples.tex
<Figures/Drawn/machinelearning/onenode.pdf, id=412, 305.14pt x 75.28125pt>
File: Figures/Drawn/machinelearning/onenode.pdf Graphic file (type pdf)
<use Figures/Drawn/machinelearning/onenode.pdf>
Package pdftex.def Info: Figures/Drawn/machinelearning/onenode.pdf  used on input line 7.
(pdftex.def)             Requested size: 305.13924pt x 75.28105pt.
<Figures/Drawn/machinelearning/inputoutputlayer.pdf, id=413, 405.515pt x 238.8925pt>
File: Figures/Drawn/machinelearning/inputoutputlayer.pdf Graphic file (type pdf)
<use Figures/Drawn/machinelearning/inputoutputlayer.pdf>
Package pdftex.def Info: Figures/Drawn/machinelearning/inputoutputlayer.pdf  used on input line 28.
(pdftex.def)             Requested size: 345.0pt x 203.24911pt.
 [5

 <./Figures/Drawn/machinelearning/onenode.pdf>] [6 <./Figures/Drawn/machinelearning/inputoutputlayer.pdf>]
<Figures/Plots/machinelearning/curve1.pdf, id=473, 322.44841pt x 317.8343pt>
File: Figures/Plots/machinelearning/curve1.pdf Graphic file (type pdf)
<use Figures/Plots/machinelearning/curve1.pdf>
Package pdftex.def Info: Figures/Plots/machinelearning/curve1.pdf  used on input line 79.
(pdftex.def)             Requested size: 172.5pt x 170.03238pt.
<Figures/Plots/machinelearning/curve2.pdf, id=474, 322.44841pt x 317.8343pt>
File: Figures/Plots/machinelearning/curve2.pdf Graphic file (type pdf)
<use Figures/Plots/machinelearning/curve2.pdf>
Package pdftex.def Info: Figures/Plots/machinelearning/curve2.pdf  used on input line 91.
(pdftex.def)             Requested size: 172.5pt x 170.03238pt.
 [7 <./Figures/Plots/machinelearning/curve1.pdf>]
<Figures/Plots/machinelearning/curve0.pdf, id=498, 327.0437pt x 317.8343pt>
File: Figures/Plots/machinelearning/curve0.pdf Graphic file (type pdf)
<use Figures/Plots/machinelearning/curve0.pdf>
Package pdftex.def Info: Figures/Plots/machinelearning/curve0.pdf  used on input line 103.
(pdftex.def)             Requested size: 172.5pt x 167.6463pt.
 [8 <./Figures/Plots/machinelearning/curve2.pdf> <./Figures/Plots/machinelearning/curve0.pdf>]
<Figures/Drawn/machinelearning/generalnetwork.pdf, id=538, 259.97125pt x 236.885pt>
File: Figures/Drawn/machinelearning/generalnetwork.pdf Graphic file (type pdf)
<use Figures/Drawn/machinelearning/generalnetwork.pdf>
Package pdftex.def Info: Figures/Drawn/machinelearning/generalnetwork.pdf  used on input line 127.
(pdftex.def)             Requested size: 259.97061pt x 236.88441pt.
 [9 <./Figures/Drawn/machinelearning/generalnetwork.pdf>] [10]) (Theory/Machine Learning/boltzmannmachine.tex
<Figures/Drawn/machinelearning/boltzmann1.pdf, id=609, 342.27875pt x 331.2375pt>
File: Figures/Drawn/machinelearning/boltzmann1.pdf Graphic file (type pdf)
<use Figures/Drawn/machinelearning/boltzmann1.pdf>
Package pdftex.def Info: Figures/Drawn/machinelearning/boltzmann1.pdf  used on input line 10.
(pdftex.def)             Requested size: 241.49895pt x 233.71452pt.
 [11] [12 <./Figures/Drawn/machinelearning/boltzmann1.pdf>] [13]
<Figures/Drawn/machinelearning/boltzrest.pdf, id=654, 433.62pt x 414.54875pt>
File: Figures/Drawn/machinelearning/boltzrest.pdf Graphic file (type pdf)
<use Figures/Drawn/machinelearning/boltzrest.pdf>
Package pdftex.def Info: Figures/Drawn/machinelearning/boltzrest.pdf  used on input line 107.
(pdftex.def)             Requested size: 241.49895pt x 230.88062pt.
 [14 <./Figures/Drawn/machinelearning/boltzrest.pdf>]) (Theory/Machine Learning/montecarlosampling.tex [15]

LaTeX Warning: Reference `section:B.sampling' on page 16 undefined on input line 60.

) (Theory/Machine Learning/Controls and Errors.tex [16])) [17]
Chapter 3.
(Theory/Quantum Mechanics/quantummechanics.tex (Theory/Quantum Mechanics/basicprinciples.tex [18

]) (Theory/Quantum Mechanics/Measurements in Quantum Mechaincs.tex [19]) (Theory/Quantum Mechanics/Entanglement.tex)) [20]
Chapter 4.
(Theory/Many-Body Physics/manybodymethods.tex (Theory/Many-Body Physics/Basic Principles.tex) (Theory/Many-Body Physics/secondquantization.tex [21

]
Overfull \hbox (22.4968pt too wide) in paragraph at lines 53--54
[]$\OT1/cmtt/m/n/10 https : / / github . com / ManyBodyPhysics / FYS4480 / blob / master / doc / pub / week36 /
 []

[22] [23]

LaTeX Warning: Reference `section:imp_local' on page 24 undefined on input line 171.

[24]) (Theory/Many-Body Physics/Methods and Algorithms.tex [25]) (Theory/Many-Body Physics/The Lipkin Model.tex
<Figures/Drawn/Lipkin/Lipkinstart22.pdf, id=788, 425.59pt x 164.615pt>
File: Figures/Drawn/Lipkin/Lipkinstart22.pdf Graphic file (type pdf)
<use Figures/Drawn/Lipkin/Lipkinstart22.pdf>
Package pdftex.def Info: Figures/Drawn/Lipkin/Lipkinstart22.pdf  used on input line 11.
(pdftex.def)             Requested size: 241.49895pt x 93.41205pt.
 [26]
<Figures/Drawn/Lipkin/lipkinexcited.pdf, id=800, 1471.4975pt x 168.63pt>
File: Figures/Drawn/Lipkin/lipkinexcited.pdf Graphic file (type pdf)
<use Figures/Drawn/Lipkin/lipkinexcited.pdf>
Package pdftex.def Info: Figures/Drawn/Lipkin/lipkinexcited.pdf  used on input line 26.
(pdftex.def)             Requested size: 345.0pt x 39.53542pt.
 [27 <./Figures/Drawn/Lipkin/Lipkinstart22.pdf> <./Figures/Drawn/Lipkin/lipkinexcited.pdf

pdfTeX warning: pdflatex (file ./Figures/Drawn/Lipkin/lipkinexcited.pdf): PDF inclusion: multiple pdfs with page group included in a single page
>] [28] [29]
<Figures/Drawn/Lipkin/j=1.pdf, id=863, 387.4475pt x 165.61874pt>
File: Figures/Drawn/Lipkin/j=1.pdf Graphic file (type pdf)
<use Figures/Drawn/Lipkin/j=1.pdf>
Package pdftex.def Info: Figures/Drawn/Lipkin/j=1.pdf  used on input line 176.
(pdftex.def)             Requested size: 103.50105pt x 44.24255pt.
<Figures/Drawn/Lipkin/j=2.pdf, id=864, 387.4475pt x 165.61874pt>
File: Figures/Drawn/Lipkin/j=2.pdf Graphic file (type pdf)
<use Figures/Drawn/Lipkin/j=2.pdf>
Package pdftex.def Info: Figures/Drawn/Lipkin/j=2.pdf  used on input line 182.
(pdftex.def)             Requested size: 103.50105pt x 44.24255pt.
 [30]
<Figures/Plots/Lipkin/J2_true.pdf, id=876, 710.60605pt x 505.32352pt>
File: Figures/Plots/Lipkin/J2_true.pdf Graphic file (type pdf)
<use Figures/Plots/Lipkin/J2_true.pdf>
Package pdftex.def Info: Figures/Plots/Lipkin/J2_true.pdf  used on input line 209.
(pdftex.def)             Requested size: 345.0pt x 245.33606pt.
<Figures/Plots/Lipkin/J1_true.pdf, id=877, 724.40761pt x 505.32352pt>
File: Figures/Plots/Lipkin/J1_true.pdf Graphic file (type pdf)
<use Figures/Plots/Lipkin/J1_true.pdf>
Package pdftex.def Info: Figures/Plots/Lipkin/J1_true.pdf  used on input line 218.
(pdftex.def)             Requested size: 345.0pt x 240.67114pt.
)) [31 <./Figures/Drawn/Lipkin/j=1.pdf> <./Figures/Drawn/Lipkin/j=2.pdf

pdfTeX warning: pdflatex (file ./Figures/Drawn/Lipkin/j=2.pdf): PDF inclusion: multiple pdfs with page group included in a single page
> <./Figures/Plots/Lipkin/J2_true.pdf>] [32 <./Figures/Plots/Lipkin/J1_true.pdf>]
Chapter 5.
(Theory/Quantum Computing/quantumcomputing.tex (Theory/Quantum Computing/basic principles.tex [33

]
<Figures/Drawn/bloch pshere.pdf, id=970, 722.7pt x 542.025pt>
File: Figures/Drawn/bloch pshere.pdf Graphic file (type pdf)
<use Figures/Drawn/bloch pshere.pdf>
Package pdftex.def Info: Figures/Drawn/bloch pshere.pdf  used on input line 56.
(pdftex.def)             Requested size: 345.0pt x 258.74649pt.
 [34] [35 <./Figures/Drawn/bloch pshere.pdf>] [36]) (Theory/Quantum Computing/Quantum Circuits and Programming.tex [37]
<Figures/Circuits/Theory/basecircuit.pdf, id=1039, 72.17163pt x 42.01497pt>
File: Figures/Circuits/Theory/basecircuit.pdf Graphic file (type pdf)
<use Figures/Circuits/Theory/basecircuit.pdf>
Package pdftex.def Info: Figures/Circuits/Theory/basecircuit.pdf  used on input line 11.
(pdftex.def)             Requested size: 72.17143pt x 42.01485pt.
<Figures/Circuits/Theory/Hbasecircuit.pdf, id=1040, 95.67143pt x 33.68184pt>
File: Figures/Circuits/Theory/Hbasecircuit.pdf Graphic file (type pdf)
<use Figures/Circuits/Theory/Hbasecircuit.pdf>
Package pdftex.def Info: Figures/Circuits/Theory/Hbasecircuit.pdf  used on input line 22.
(pdftex.def)             Requested size: 95.67119pt x 33.68173pt.
<Figures/Circuits/Theory/xyHbasecircuit.pdf, id=1041, 142.92094pt x 33.68184pt>
File: Figures/Circuits/Theory/xyHbasecircuit.pdf Graphic file (type pdf)
<use Figures/Circuits/Theory/xyHbasecircuit.pdf>
Package pdftex.def Info: Figures/Circuits/Theory/xyHbasecircuit.pdf  used on input line 34.
(pdftex.def)             Requested size: 142.92058pt x 33.68173pt.


LaTeX Font Warning: Command \Huge invalid in math mode on input line 37.

<Figures/Circuits/Theory/cxbasecircuit.pdf, id=1042, 94.49805pt x 55.01453pt>
File: Figures/Circuits/Theory/cxbasecircuit.pdf Graphic file (type pdf)
<use Figures/Circuits/Theory/cxbasecircuit.pdf>
Package pdftex.def Info: Figures/Circuits/Theory/cxbasecircuit.pdf  used on input line 41.
(pdftex.def)             Requested size: 94.4978pt x 55.01437pt.
<Figures/Circuits/Theory/measurebasecircuit.pdf, id=1043, 110.1716pt x 76.015pt>
File: Figures/Circuits/Theory/measurebasecircuit.pdf Graphic file (type pdf)
<use Figures/Circuits/Theory/measurebasecircuit.pdf>
Package pdftex.def Info: Figures/Circuits/Theory/measurebasecircuit.pdf  used on input line 51.
(pdftex.def)             Requested size: 110.17131pt x 76.0148pt.
[38 <./Figures/Circuits/Theory/basecircuit.pdf> <./Figures/Circuits/Theory/Hbasecircuit.pdf> <./Figures/Circuits/Theory/xyHbasecircuit.pdf> <./Figures/Circuits/Theory/cxbasecircuit.pdf>]
Underfull \hbox (badness 10000) in paragraph at lines 59--60

 []

<Figures/Circuits/Theory/zm.pdf, id=1116, 110.1716pt x 76.015pt>
File: Figures/Circuits/Theory/zm.pdf Graphic file (type pdf)
<use Figures/Circuits/Theory/zm.pdf>
Package pdftex.def Info: Figures/Circuits/Theory/zm.pdf  used on input line 65.
(pdftex.def)             Requested size: 110.17131pt x 76.0148pt.

Underfull \hbox (badness 10000) in paragraph at lines 68--69

 []

<Figures/Circuits/Theory/xm.pdf, id=1117, 133.67139pt x 52.01433pt>
File: Figures/Circuits/Theory/xm.pdf Graphic file (type pdf)
<use Figures/Circuits/Theory/xm.pdf>
Package pdftex.def Info: Figures/Circuits/Theory/xm.pdf  used on input line 74.
(pdftex.def)             Requested size: 133.67105pt x 52.01419pt.

Underfull \hbox (badness 10000) in paragraph at lines 83--84

 []

<Figures/Circuits/Theory/ym.pdf, id=1118, 159.3935pt x 53.48482pt>
File: Figures/Circuits/Theory/ym.pdf Graphic file (type pdf)
<use Figures/Circuits/Theory/ym.pdf>
Package pdftex.def Info: Figures/Circuits/Theory/ym.pdf  used on input line 89.
(pdftex.def)             Requested size: 159.3931pt x 53.48468pt.
[39 <./Figures/Circuits/Theory/measurebasecircuit.pdf> <./Figures/Circuits/Theory/zm.pdf> <./Figures/Circuits/Theory/xm.pdf>]) (Theory/Quantum Computing/entangled qubits and bell states.tex
<Figures/Circuits/Theory/2zero.pdf, id=1210, 76.29906pt x 61.01495pt>
File: Figures/Circuits/Theory/2zero.pdf Graphic file (type pdf)
<use Figures/Circuits/Theory/2zero.pdf>
Package pdftex.def Info: Figures/Circuits/Theory/2zero.pdf  used on input line 12.
(pdftex.def)             Requested size: 114.44829pt x 91.52217pt.
 [40 <./Figures/Circuits/Theory/ym.pdf>]
<Figures/Circuits/Theory/2hadamard.pdf, id=1257, 147.69078pt x 70.76538pt>
File: Figures/Circuits/Theory/2hadamard.pdf Graphic file (type pdf)
<use Figures/Circuits/Theory/2hadamard.pdf>
Package pdftex.def Info: Figures/Circuits/Theory/2hadamard.pdf  used on input line 20.
(pdftex.def)             Requested size: 147.6904pt x 70.7652pt.
<Figures/Circuits/Theory/HadaCNOT.pdf, id=1260, 174.99077pt x 70.76538pt>
File: Figures/Circuits/Theory/HadaCNOT.pdf Graphic file (type pdf)
<use Figures/Circuits/Theory/HadaCNOT.pdf>
Package pdftex.def Info: Figures/Circuits/Theory/HadaCNOT.pdf  used on input line 29.
(pdftex.def)             Requested size: 174.99033pt x 70.7652pt.
<Figures/Circuits/Theory/00Bell.pdf, id=1262, 219.2993pt x 85.01561pt>
File: Figures/Circuits/Theory/00Bell.pdf Graphic file (type pdf)
<use Figures/Circuits/Theory/00Bell.pdf>
Package pdftex.def Info: Figures/Circuits/Theory/00Bell.pdf  used on input line 41.
(pdftex.def)             Requested size: 197.36752pt x 76.51334pt.
 [41 <./Figures/Circuits/Theory/2zero.pdf> <./Figures/Circuits/Theory/2hadamard.pdf> <./Figures/Circuits/Theory/HadaCNOT.pdf>]
<Figures/Circuits/Theory/10Bell.pdf, id=1322, 219.2993pt x 85.01561pt>
File: Figures/Circuits/Theory/10Bell.pdf Graphic file (type pdf)
<use Figures/Circuits/Theory/10Bell.pdf>
Package pdftex.def Info: Figures/Circuits/Theory/10Bell.pdf  used on input line 49.
(pdftex.def)             Requested size: 197.36752pt x 76.51334pt.
<Figures/Circuits/Theory/01Bell.pdf, id=1323, 219.2993pt x 85.01561pt>
File: Figures/Circuits/Theory/01Bell.pdf Graphic file (type pdf)
<use Figures/Circuits/Theory/01Bell.pdf>
Package pdftex.def Info: Figures/Circuits/Theory/01Bell.pdf  used on input line 57.
(pdftex.def)             Requested size: 197.36752pt x 76.51334pt.
<Figures/Circuits/Theory/11Bell.pdf, id=1324, 219.2993pt x 85.01561pt>
File: Figures/Circuits/Theory/11Bell.pdf Graphic file (type pdf)
<use Figures/Circuits/Theory/11Bell.pdf>
Package pdftex.def Info: Figures/Circuits/Theory/11Bell.pdf  used on input line 65.
(pdftex.def)             Requested size: 197.36752pt x 76.51334pt.
) (Theory/Quantum Computing/Noisy intermediate-scale quantum.tex
Overfull \hbox (15.8895pt too wide) in paragraph at lines 3--4
\OT1/cmr/m/n/10 The state of mod-ern day quan-tum com-put-ers are in the so called 'noisy intermediate-
 []

) (Theory/Quantum Computing/Variational Quantum Eigensolver.tex [42 <./Figures/Circuits/Theory/00Bell.pdf> <./Figures/Circuits/Theory/10Bell.pdf> <./Figures/Circuits/Theory/01Bell.pdf> <./Figures/Circuits/Theory/11Bell.pdf>])) [43]
Chapter 6.
(Theory/Quantum Machine Learning/quantummachinelearning.tex (Theory/Quantum Machine Learning/Quantum Nodes.tex) (Theory/Quantum Machine Learning/Variational Quantum Boltzmann Machine.tex))) [44

] [45

] (Implementation/Implementation.tex
Chapter 7.
(Implementation/Qiskit/qiskit.tex
\openout3 = `main.pyg'.

 (_minted-main/friendly.pygstyle) (_minted-main/1A21880461BE21D88C35EE2F5C4401BFCF33289265490CC72470AF6FAFE9A294.pygtex
LaTeX Font Info:    Font shape `OT1/cmtt/bx/n' in size <10> not available
(Font)              Font shape `OT1/cmtt/m/n' tried instead on input line 2.
)
<Figures/Circuits/implementation/1zero.pdf, id=1417, 106.24895pt x 89.51442pt>
File: Figures/Circuits/implementation/1zero.pdf Graphic file (type pdf)
<use Figures/Circuits/implementation/1zero.pdf>
Package pdftex.def Info: Figures/Circuits/implementation/1zero.pdf  used on input line 19.
(pdftex.def)             Requested size: 106.24869pt x 89.51418pt.
\openout3 = `main.pyg'.

 (_minted-main/18A892164874E8E86A370A74075AF568CF33289265490CC72470AF6FAFE9A294.pygtex)
<Figures/Circuits/implementation/init1.pdf, id=1418, 172.22543pt x 121.01512pt>
File: Figures/Circuits/implementation/init1.pdf Graphic file (type pdf)
<use Figures/Circuits/implementation/init1.pdf>
Package pdftex.def Info: Figures/Circuits/implementation/init1.pdf  used on input line 32.
(pdftex.def)             Requested size: 172.22499pt x 121.01482pt.
 [46

 <./Figures/Circuits/implementation/1zero.pdf>]
\openout3 = `main.pyg'.

 (_minted-main/72931F2B35C43A996FD942BA6C05E8C8CF33289265490CC72470AF6FAFE9A294.pygtex)
<Figures/Circuits/implementation/hada1.pdf, id=1441, 207.47513pt x 85.01561pt>
File: Figures/Circuits/implementation/hada1.pdf Graphic file (type pdf)
<use Figures/Circuits/implementation/hada1.pdf>
Package pdftex.def Info: Figures/Circuits/implementation/hada1.pdf  used on input line 45.
(pdftex.def)             Requested size: 207.47461pt x 85.0154pt.
\openout3 = `main.pyg'.

 (_minted-main/54A405E83EA4C477BE5F75AD8F940FC6CF33289265490CC72470AF6FAFE9A294.pygtex)
\openout3 = `main.pyg'.

 (_minted-main/40FB6D58CAEA376CF02A210374B881E2CF33289265490CC72470AF6FAFE9A294.pygtex)
<Figures/Circuits/implementation/cx2.pdf, id=1442, 240.96625pt x 112.01549pt>
File: Figures/Circuits/implementation/cx2.pdf Graphic file (type pdf)
<use Figures/Circuits/implementation/cx2.pdf>
Package pdftex.def Info: Figures/Circuits/implementation/cx2.pdf  used on input line 68.
(pdftex.def)             Requested size: 240.96565pt x 112.01521pt.
\openout3 = `main.pyg'.

 (_minted-main/44F27DCAD73FDDCF411293B126A7E2ECCF33289265490CC72470AF6FAFE9A294.pygtex [47 <./Figures/Circuits/implementation/init1.pdf> <./Figures/Circuits/implementation/hada1.pdf> <./Figures/Circuits/implementation/cx2.pdf>])
<Figures/Circuits/implementation/2measure.pdf, id=1507, 324.96608pt x 112.01549pt>
File: Figures/Circuits/implementation/2measure.pdf Graphic file (type pdf)
<use Figures/Circuits/implementation/2measure.pdf>
Package pdftex.def Info: Figures/Circuits/implementation/2measure.pdf  used on input line 85.
(pdftex.def)             Requested size: 324.96529pt x 112.01521pt.
\openout3 = `main.pyg'.

 (_minted-main/A9E463FBE343BFE726E46D3136867AD1CF33289265490CC72470AF6FAFE9A294.pygtex)
\openout3 = `main.pyg'.

 (_minted-main/BE6A4CC5CC941DB494399039F96DC9CECF33289265490CC72470AF6FAFE9A294.pygtex)
\openout3 = `main.pyg'.

 (_minted-main/6E41D75022629A2B976BDFC0D556E6AFCF33289265490CC72470AF6FAFE9A294.pygtex)
\openout3 = `main.pyg'.

 (_minted-main/F1C18ACB6CD040A96253BB4503D93590CF33289265490CC72470AF6FAFE9A294.pygtex)
\openout3 = `main.pyg'.

 (_minted-main/115D25D2A7EAEA2B9306ED730D9136C1CF33289265490CC72470AF6FAFE9A294.pygtex)
<Figures/Circuits/implementation/y-basis.pdf, id=1508, 121.39352pt x 36.99521pt>
File: Figures/Circuits/implementation/y-basis.pdf Graphic file (type pdf)
<use Figures/Circuits/implementation/y-basis.pdf>
Package pdftex.def Info: Figures/Circuits/implementation/y-basis.pdf  used on input line 130.
(pdftex.def)             Requested size: 121.39322pt x 36.9951pt.
 [48 <./Figures/Circuits/implementation/2measure.pdf>]
\openout3 = `main.pyg'.

 (_minted-main/698A39ECC0DF24D48015E55B2AB3D919CF33289265490CC72470AF6FAFE9A294.pygtex)
<Figures/Circuits/implementation/2mesy.pdf, id=1545, 314.80008pt x 112.01549pt>
File: Figures/Circuits/implementation/2mesy.pdf Graphic file (type pdf)
<use Figures/Circuits/implementation/2mesy.pdf>
Package pdftex.def Info: Figures/Circuits/implementation/2mesy.pdf  used on input line 143.
(pdftex.def)             Requested size: 314.7993pt x 112.01521pt.
\openout3 = `main.pyg'.

 (_minted-main/9050195CD9A3513C23439C4E98EC0B0ACF33289265490CC72470AF6FAFE9A294.pygtex)) [49 <./Figures/Circuits/implementation/y-basis.pdf> <./Figures/Circuits/implementation/2mesy.pdf>]
Chapter 8.
(Implementation/Restricted Boltzmann Machine/Restricted Boltzmann Machine.tex (Implementation/Restricted Boltzmann Machine/Guassian-Binary RBM.tex) (Implementation/Restricted Boltzmann Machine/Optimization Methods.tex) (Implementation/Restricted Boltzmann Machine/The Blocking Method.tex) (Implementation/Restricted Boltzmann Machine/Machine Structure.tex) (Implementation/Restricted Boltzmann Machine/Machine Parameter Optimization.tex)) [50

]
Chapter 9.
(Implementation/Vartiational Quantum Boltzmann Machine/variationalquantumboltzmannmachine.tex (Implementation/Vartiational Quantum Boltzmann Machine/Inizialitzation.tex) (Implementation/Vartiational Quantum Boltzmann Machine/Optimization Method of the VarQBM.tex) (Implementation/Vartiational Quantum Boltzmann Machine/Quantum Machine Structure.tex) (Implementation/Vartiational Quantum Boltzmann Machine/Quantum Machine Parameter Optimization.tex))) (main.bbl [51

]
Underfull \hbox (badness 10000) in paragraph at lines 65--69
[]$\OT1/cmr/m/n/10 https : / / github . com / CompPhysics / QuantumComputingMachineLearning /
 []

) [52

] (main.aux)
 ***********
LaTeX2e <2023-11-01>
L3 programming layer <2023-12-11>
 ***********


LaTeX Warning: There were undefined references.

Package rerunfilecheck Info: File `main.out' has not changed.
(rerunfilecheck)             Checksum: B5623565FF9B9B87B84F8F5A25DDE528;13403.
runsystem(del main.pyg)...executed.

 ) 
Here is how much of TeX's memory you used:
 19365 strings out of 474494
 356880 string characters out of 5743913
 1949460 words of memory out of 5000000
 40825 multiletter control sequences out of 15000+600000
 575203 words of font info for 99 fonts, out of 8000000 for 9000
 1141 hyphenation exceptions out of 8191
 82i,19n,82p,998b,721s stack positions out of 10000i,1000n,20000p,200000b,200000s
<C:/Users/breit/AppData/Local/Programs/MiKTeX/fonts/type1/public/amsfonts/cm/cmbx10.pfb><C:/Users/breit/AppData/Local/Programs/MiKTeX/fonts/type1/public/amsfonts/cm/cmbx12.pfb><C:/Users/breit/AppData/Local/Programs/MiKTeX/fonts/type1/public/amsfonts/cm/cmex10.pfb><C:/Users/breit/AppData/Local/Programs/MiKTeX/fonts/type1/public/amsfonts/cm/cmitt10.pfb><C:/Users/breit/AppData/Local/Programs/MiKTeX/fonts/type1/public/amsfonts/cm/cmmi10.pfb><C:/Users/breit/AppData/Local/Programs/MiKTeX/fonts/type1/public/amsfonts/cm/cmmi5.pfb><C:/Users/breit/AppData/Local/Programs/MiKTeX/fonts/type1/public/amsfonts/cm/cmmi6.pfb><C:/Users/breit/AppData/Local/Programs/MiKTeX/fonts/type1/public/amsfonts/cm/cmmi7.pfb><C:/Users/breit/AppData/Local/Programs/MiKTeX/fonts/type1/public/amsfonts/cm/cmmi9.pfb><C:/Users/breit/AppData/Local/Programs/MiKTeX/fonts/type1/public/amsfonts/cm/cmmib10.pfb><C:/Users/breit/AppData/Local/Programs/MiKTeX/fonts/type1/public/amsfonts/cmextra/cmmib7.pfb><C:/Users/breit/AppData/Local/Programs/MiKTeX/fonts/type1/public/amsfonts/cm/cmr10.pfb><C:/Users/breit/AppData/Local/Programs/MiKTeX/fonts/type1/public/amsfonts/cm/cmr12.pfb><C:/Users/breit/AppData/Local/Programs/MiKTeX/fonts/type1/public/amsfonts/cm/cmr17.pfb><C:/Users/breit/AppData/Local/Programs/MiKTeX/fonts/type1/public/amsfonts/cm/cmr5.pfb><C:/Users/breit/AppData/Local/Programs/MiKTeX/fonts/type1/public/amsfonts/cm/cmr7.pfb><C:/Users/breit/AppData/Local/Programs/MiKTeX/fonts/type1/public/amsfonts/cm/cmr9.pfb><C:/Users/breit/AppData/Local/Programs/MiKTeX/fonts/type1/public/amsfonts/cm/cmsy10.pfb><C:/Users/breit/AppData/Local/Programs/MiKTeX/fonts/type1/public/amsfonts/cm/cmsy5.pfb><C:/Users/breit/AppData/Local/Programs/MiKTeX/fonts/type1/public/amsfonts/cm/cmsy7.pfb><C:/Users/breit/AppData/Local/Programs/MiKTeX/fonts/type1/public/amsfonts/cm/cmsy9.pfb><C:/Users/breit/AppData/Local/Programs/MiKTeX/fonts/type1/public/amsfonts/cm/cmti10.pfb><C:/Users/breit/AppData/Local/Programs/MiKTeX/fonts/type1/public/amsfonts/cm/cmtt10.pfb><C:/Users/breit/AppData/Local/Programs/MiKTeX/fonts/type1/public/amsfonts/symbols/msbm10.pfb>
Output written on main.pdf (54 pages, 854932 bytes).
PDF statistics:
 1781 PDF objects out of 2073 (max. 8388607)
 338 named destinations out of 1000 (max. 500000)
 794 words of extra memory for PDF output out of 10000 (max. 10000000)

