\BOOKMARK [0][-]{chapter.1}{\376\377\000I\000n\000t\000r\000o\000d\000u\000c\000t\000i\000o\000n}{}% 1
\BOOKMARK [-1][-]{part.1}{\376\377\000I\000\040\000T\000h\000e\000o\000r\000y}{}% 2
\BOOKMARK [0][-]{chapter.2}{\376\377\000M\000a\000c\000h\000i\000n\000e\000\040\000L\000e\000a\000r\000n\000i\000n\000g}{part.1}% 3
\BOOKMARK [1][-]{section.2.1}{\376\377\000B\000a\000s\000i\000c\000\040\000P\000r\000i\000n\000c\000i\000p\000l\000e\000s}{chapter.2}% 4
\BOOKMARK [2][-]{subsection.2.1.1}{\376\377\000N\000o\000d\000e\000s\000\040\000a\000n\000d\000\040\000L\000a\000y\000e\000r\000s}{section.2.1}% 5
\BOOKMARK [2][-]{subsection.2.1.2}{\376\377\000A\000c\000t\000i\000v\000a\000t\000i\000o\000n\000\040\000f\000u\000n\000c\000t\000i\000o\000n}{section.2.1}% 6
\BOOKMARK [2][-]{subsection.2.1.3}{\376\377\000T\000r\000a\000i\000n\000i\000n\000g\000\040\000a\000\040\000n\000e\000u\000r\000a\000l\000\040\000n\000e\000t\000w\000o\000r\000k}{section.2.1}% 7
\BOOKMARK [2][-]{subsection.2.1.4}{\376\377\000A\000d\000a\000p\000t\000i\000v\000e\000\040\000l\000e\000a\000r\000n\000i\000n\000g\000\040\000r\000a\000t\000e}{section.2.1}% 8
\BOOKMARK [1][-]{section.2.2}{\376\377\000B\000o\000l\000t\000z\000m\000a\000n\000n\000\040\000M\000a\000c\000h\000i\000n\000e}{chapter.2}% 9
\BOOKMARK [2][-]{subsection.2.2.1}{\376\377\000S\000t\000r\000u\000c\000t\000u\000r\000e\000\040\000a\000n\000d\000\040\000t\000r\000a\000i\000n\000i\000n\000g}{section.2.2}% 10
\BOOKMARK [2][-]{subsection.2.2.2}{\376\377\000R\000e\000s\000t\000r\000i\000c\000t\000e\000d\000\040\000B\000o\000l\000t\000z\000m\000a\000n\000n\000\040\000m\000a\000c\000h\000i\000n\000e}{section.2.2}% 11
\BOOKMARK [2][-]{subsection.2.2.3}{\376\377\000N\000e\000u\000r\000a\000l\000\040\000n\000e\000t\000\040\000q\000u\000a\000n\000t\000u\000m\000\040\000s\000t\000a\000t\000e}{section.2.2}% 12
\BOOKMARK [2][-]{subsection.2.2.4}{\376\377\000M\000i\000n\000i\000m\000i\000z\000i\000n\000g\000\040\000l\000o\000c\000a\000l\000\040\000e\000n\000e\000r\000g\000y}{section.2.2}% 13
\BOOKMARK [2][-]{subsection.2.2.5}{\376\377\000C\000h\000a\000n\000g\000e\000\040\000i\000n\000\040\000w\000e\000i\000g\000h\000t\000s\000\040\000a\000n\000d\000\040\000b\000i\000a\000s\000e\000s}{section.2.2}% 14
\BOOKMARK [1][-]{section.2.3}{\376\377\000M\000o\000n\000t\000e\000\040\000C\000a\000r\000l\000o\000\040\000M\000e\000t\000h\000o\000d\000s}{chapter.2}% 15
\BOOKMARK [2][-]{subsection.2.3.1}{\376\377\000I\000m\000p\000o\000r\000t\000a\000n\000c\000e\000\040\000s\000a\000m\000p\000l\000i\000n\000g}{section.2.3}% 16
\BOOKMARK [2][-]{subsection.2.3.2}{\376\377\000M\000e\000t\000r\000o\000p\000o\000l\000i\000s\000-\000H\000a\000s\000t\000i\000n\000g\000s\000\040\000a\000l\000g\000o\000r\000i\000t\000h\000m}{section.2.3}% 17
\BOOKMARK [2][-]{subsection.2.3.3}{\376\377\000G\000i\000b\000b\000s\000\040\000S\000a\000m\000p\000l\000i\000n\000g}{section.2.3}% 18
\BOOKMARK [1][-]{section.2.4}{\376\377\000C\000o\000n\000t\000r\000o\000l\000s\000\040\000a\000n\000d\000\040\000E\000r\000r\000o\000r\000s}{chapter.2}% 19
\BOOKMARK [0][-]{chapter.3}{\376\377\000Q\000u\000a\000n\000t\000u\000m\000\040\000M\000e\000c\000h\000a\000n\000i\000c\000s}{part.1}% 20
\BOOKMARK [1][-]{section.3.1}{\376\377\000W\000a\000v\000e\000f\000u\000n\000c\000t\000i\000o\000n\000\040\000a\000n\000d\000\040\000s\000u\000p\000e\000r\000p\000o\000s\000i\000t\000i\000o\000n}{chapter.3}% 21
\BOOKMARK [1][-]{section.3.2}{\376\377\000O\000p\000e\000r\000a\000t\000o\000r\000s\000\040\000a\000n\000d\000\040\000t\000h\000e\000\040\000S\000c\000h\000r\000\366\000d\000i\000n\000g\000e\000r\000\040\000e\000q\000u\000a\000t\000i\000o\000n}{chapter.3}% 22
\BOOKMARK [1][-]{section.3.3}{\376\377\000G\000l\000o\000b\000a\000l\000\040\000a\000n\000d\000\040\000l\000o\000c\000a\000l\000\040\000e\000n\000e\000r\000g\000y}{chapter.3}% 23
\BOOKMARK [1][-]{section.3.4}{\376\377\000P\000a\000u\000l\000i\000\040\000E\000x\000c\000l\000u\000s\000i\000o\000n\000\040\000P\000r\000i\000n\000c\000i\000p\000l\000e}{chapter.3}% 24
\BOOKMARK [1][-]{section.3.5}{\376\377\000T\000h\000e\000\040\000b\000r\000a\000-\000k\000e\000t\000\040\000n\000o\000t\000a\000t\000i\000o\000n}{chapter.3}% 25
\BOOKMARK [2][-]{subsection.3.5.1}{\376\377\000M\000u\000l\000t\000i\000-\000Q\000u\000b\000i\000t\000\040\000S\000t\000a\000t\000e\000s}{section.3.5}% 26
\BOOKMARK [1][-]{section.3.6}{\376\377\000M\000e\000a\000s\000u\000r\000e\000m\000e\000n\000t\000\040\000i\000n\000\040\000Q\000u\000a\000n\000t\000u\000m\000\040\000M\000e\000c\000h\000a\000n\000i\000c\000s}{chapter.3}% 27
\BOOKMARK [0][-]{chapter.4}{\376\377\000M\000a\000n\000y\000-\000B\000o\000d\000y\000\040\000M\000e\000t\000h\000o\000d\000s}{part.1}% 28
\BOOKMARK [1][-]{section.4.1}{\376\377\000B\000a\000s\000i\000c\000\040\000P\000r\000i\000n\000c\000i\000p\000l\000e\000s}{chapter.4}% 29
\BOOKMARK [2][-]{subsection.4.1.1}{\376\377\000S\000l\000a\000t\000e\000r\000\040\000D\000e\000t\000e\000r\000m\000i\000n\000a\000n\000t\000s}{section.4.1}% 30
\BOOKMARK [1][-]{section.4.2}{\376\377\000S\000e\000c\000o\000n\000d\000\040\000q\000u\000a\000n\000t\000i\000z\000a\000t\000i\000o\000n}{chapter.4}% 31
\BOOKMARK [2][-]{subsection.4.2.1}{\376\377\000C\000r\000e\000a\000t\000i\000o\000n\000\040\000a\000n\000d\000\040\000a\000n\000n\000i\000h\000i\000l\000a\000t\000i\000o\000n\000\040\000o\000p\000e\000r\000a\000t\000o\000r\000s}{section.4.2}% 32
\BOOKMARK [2][-]{subsection.4.2.2}{\376\377\000O\000p\000e\000r\000a\000t\000o\000r\000s\000\040\000i\000n\000\040\000s\000e\000c\000o\000n\000d\000\040\000q\000u\000a\000n\000t\000i\000z\000a\000t\000i\000o\000n}{section.4.2}% 33
\BOOKMARK [1][-]{section.4.3}{\376\377\000M\000e\000t\000h\000o\000d\000s\000\040\000a\000n\000d\000\040\000A\000l\000g\000o\000r\000i\000t\000h\000m\000s}{chapter.4}% 34
\BOOKMARK [2][-]{subsection.4.3.1}{\376\377\000F\000u\000l\000l\000\040\000C\000o\000n\000f\000i\000g\000u\000r\000a\000t\000i\000o\000n\000\040\000I\000n\000t\000e\000r\000a\000c\000t\000i\000o\000n\000\040\000T\000h\000e\000o\000r\000y}{section.4.3}% 35
\BOOKMARK [1][-]{section.4.4}{\376\377\000N\000e\000u\000r\000a\000l\000\040\000n\000e\000t\000w\000o\000r\000k\000\040\000q\000u\000a\000n\000t\000u\000m\000\040\000s\000t\000a\000t\000e\000s}{chapter.4}% 36
\BOOKMARK [0][-]{chapter.5}{\376\377\000M\000o\000d\000e\000l\000s}{part.1}% 37
\BOOKMARK [1][-]{section.5.1}{\376\377\000T\000h\000e\000\040\000L\000i\000p\000k\000i\000n\000-\000M\000e\000s\000h\000k\000o\000w\000-\000G\000l\000i\000c\000k\000\040\000m\000o\000d\000e\000l}{chapter.5}% 38
\BOOKMARK [2][-]{subsection.5.1.1}{\376\377\000T\000h\000e\000\040\000m\000o\000d\000e\000l\000\040\000s\000y\000s\000t\000e\000m}{section.5.1}% 39
\BOOKMARK [2][-]{subsection.5.1.2}{\376\377\000R\000e\000w\000r\000i\000t\000i\000n\000g\000\040\000t\000h\000e\000\040\000H\000a\000m\000i\000l\000t\000o\000n\000i\000a\000n}{section.5.1}% 40
\BOOKMARK [2][-]{subsection.5.1.3}{\376\377\000A\000n\000a\000l\000y\000t\000i\000c\000a\000l\000\040\000S\000o\000l\000u\000t\000i\000o\000n}{section.5.1}% 41
\BOOKMARK [1][-]{section.5.2}{\376\377\000T\000h\000e\000\040\000I\000s\000i\000n\000g\000\040\000m\000o\000d\000e\000l}{chapter.5}% 42
\BOOKMARK [2][-]{subsection.5.2.1}{\376\377\000S\000o\000l\000u\000t\000i\000o\000n\000\040\000b\000y\000\040\000d\000i\000a\000g\000o\000n\000a\000l\000i\000z\000a\000t\000i\000o\000n}{section.5.2}% 43
\BOOKMARK [1][-]{section.5.3}{\376\377\000T\000h\000e\000\040\000H\000e\000i\000s\000e\000n\000b\000e\000r\000g\000\040\000m\000o\000d\000e\000l}{chapter.5}% 44
\BOOKMARK [2][-]{subsection.5.3.1}{\376\377\000E\000i\000g\000e\000n\000v\000a\000l\000u\000e\000s\000\040\000t\000h\000r\000o\000u\000g\000h\000\040\000d\000i\000a\000g\000o\000n\000a\000l\000i\000z\000a\000t\000i\000o\000n}{section.5.3}% 45
\BOOKMARK [1][-]{section.5.4}{\376\377\000T\000h\000e\000\040\000P\000a\000i\000r\000i\000n\000g\000\040\000m\000o\000d\000e\000l}{chapter.5}% 46
\BOOKMARK [2][-]{subsection.5.4.1}{\376\377\000E\000i\000g\000e\000n\000v\000a\000l\000u\000e\000s\000\040\000b\000y\000\040\000d\000i\000a\000g\000o\000n\000a\000l\000i\000z\000a\000t\000i\000o\000n}{section.5.4}% 47
\BOOKMARK [-1][-]{part.2}{\376\377\000I\000I\000\040\000I\000m\000p\000l\000e\000m\000e\000n\000t\000a\000t\000i\000o\000n}{}% 48
\BOOKMARK [0][-]{chapter.6}{\376\377\000L\000i\000b\000r\000a\000r\000i\000e\000s\000\040\000a\000n\000d\000\040\000h\000a\000r\000d\000w\000a\000r\000e}{part.2}% 49
\BOOKMARK [1][-]{section.6.1}{\376\377\000C\000U\000D\000A\000\040\000a\000n\000d\000\040\000t\000o\000r\000c\000h}{chapter.6}% 50
\BOOKMARK [0][-]{chapter.7}{\376\377\000R\000e\000s\000t\000r\000i\000c\000t\000e\000d\000\040\000B\000o\000l\000t\000z\000m\000a\000n\000n\000\040\000M\000a\000c\000h\000i\000n\000e}{part.2}% 51
\BOOKMARK [1][-]{section.7.1}{\376\377\000T\000h\000e\000\040\000b\000a\000s\000e\000\040\000s\000t\000r\000u\000c\000t\000u\000r\000e}{chapter.7}% 52
\BOOKMARK [1][-]{section.7.2}{\376\377\000M\000o\000d\000e\000l\000\040\000i\000n\000i\000t\000i\000a\000l\000i\000z\000a\000t\000i\000o\000n}{chapter.7}% 53
\BOOKMARK [1][-]{section.7.3}{\376\377\000T\000h\000e\000\040\000s\000o\000l\000v\000e\000r}{chapter.7}% 54
\BOOKMARK [1][-]{section.7.4}{\376\377\000C\000a\000l\000c\000u\000l\000a\000t\000i\000o\000n\000\040\000o\000f\000\040\000t\000h\000e\000\040\000l\000o\000c\000a\000l\000\040\000e\000n\000e\000r\000g\000y}{chapter.7}% 55
\BOOKMARK [2][-]{subsection.7.4.1}{\376\377\000T\000h\000e\000\040\000L\000i\000p\000k\000i\000n\000\040\000M\000o\000d\000e\000l}{section.7.4}% 56
\BOOKMARK [2][-]{subsection.7.4.2}{\376\377\000T\000h\000e\000\040\000I\000s\000i\000n\000g\000\040\000M\000o\000d\000e\000l}{section.7.4}% 57
\BOOKMARK [2][-]{subsection.7.4.3}{\376\377\000T\000h\000e\000\040\000H\000e\000i\000s\000e\000n\000b\000e\000r\000g\000\040\000m\000o\000d\000e\000l}{section.7.4}% 58
\BOOKMARK [2][-]{subsection.7.4.4}{\376\377\000T\000h\000e\000\040\000P\000a\000i\000r\000i\000n\000g\000\040\000m\000o\000d\000e\000l}{section.7.4}% 59
\BOOKMARK [1][-]{section.7.5}{\376\377\000I\000m\000p\000l\000e\000m\000e\000n\000t\000a\000t\000i\000o\000n\000\040\000t\000e\000s\000t\000s}{chapter.7}% 60
\BOOKMARK [2][-]{subsection.7.5.1}{\376\377\000T\000h\000e\000\040\000L\000i\000p\000k\000i\000n\000\040\000m\000o\000d\000e\000l}{section.7.5}% 61
\BOOKMARK [2][-]{subsection.7.5.2}{\376\377\000T\000h\000e\000\040\000I\000s\000i\000n\000g\000\040\000m\000o\000d\000e\000l}{section.7.5}% 62
\BOOKMARK [2][-]{subsection.7.5.3}{\376\377\000T\000h\000e\000\040\000P\000a\000i\000r\000i\000n\000g\000\040\000m\000o\000d\000e\000l}{section.7.5}% 63
\BOOKMARK [2][-]{subsection.7.5.4}{\376\377\000T\000h\000e\000\040\000H\000e\000i\000s\000e\000n\000b\000e\000r\000g\000\040\000m\000o\000d\000e\000l}{section.7.5}% 64
\BOOKMARK [0][-]{chapter.8}{\376\377\000O\000p\000t\000i\000m\000a\000z\000a\000t\000i\000o\000n\000\040\000o\000f\000\040\000H\000y\000p\000e\000r\000p\000a\000r\000a\000m\000e\000t\000e\000r\000s}{part.2}% 65
\BOOKMARK [1][-]{section.8.1}{\376\377\000T\000h\000e\000\040\000o\000p\000t\000i\000m\000i\000z\000a\000t\000i\000o\000n\000\040\000m\000e\000t\000h\000o\000d}{chapter.8}% 66
\BOOKMARK [1][-]{section.8.2}{\376\377\000T\000h\000e\000\040\000L\000i\000p\000k\000i\000n\000\040\000m\000o\000d\000e\000l}{chapter.8}% 67
\BOOKMARK [2][-]{subsection.8.2.1}{\376\377\000F\000i\000n\000a\000l\000\040\000p\000a\000r\000a\000m\000e\000t\000e\000r\000s}{section.8.2}% 68
\BOOKMARK [1][-]{section.8.3}{\376\377\000T\000h\000e\000\040\000I\000s\000i\000n\000g\000\040\000m\000o\000d\000e\000l}{chapter.8}% 69
\BOOKMARK [1][-]{section.8.4}{\376\377\000T\000h\000e\000\040\000H\000e\000i\000s\000e\000n\000b\000e\000r\000g\000\040\000m\000o\000d\000e\000l}{chapter.8}% 70
\BOOKMARK [1][-]{section.8.5}{\376\377\000T\000h\000e\000\040\000P\000a\000i\000r\000i\000n\000g\000\040\000m\000o\000d\000e\000l}{chapter.8}% 71
\BOOKMARK [-1][-]{part.3}{\376\377\000I\000I\000I\000\040\000R\000e\000s\000u\000l\000t\000s\000\040\000a\000n\000d\000\040\000D\000i\000s\000c\000u\000s\000s\000i\000o\000n}{}% 72
\BOOKMARK [0][-]{chapter.9}{\376\377\000T\000h\000e\000\040\000L\000i\000p\000k\000i\000n\000\040\000m\000o\000d\000e\000l}{part.3}% 73
\BOOKMARK [1][-]{section.9.1}{\376\377\000T\000h\000e\000\040\000L\000i\000p\000k\000i\000n\000\040\000m\000o\000d\000e\000l}{chapter.9}% 74
\BOOKMARK [2][-]{subsection.9.1.1}{\376\377\000T\000h\000e\000\040\000e\000f\000f\000e\000c\000t\000\040\000o\000f\000\040\000e\000p\000s\000i\000l\000o\000n\000\040\000o\000n\000\040\000R\000B\000M\000\040\000p\000r\000e\000d\000i\000c\000t\000i\000o\000n\000\040\000a\000c\000c\000u\000r\000a\000c\000y}{section.9.1}% 75
\BOOKMARK [2][-]{subsection.9.1.2}{\376\377\000T\000h\000e\000\040\000e\000f\000f\000e\000c\000t\000\040\000o\000f\000\040\000V\000\040\000o\000n\000\040\000R\000B\000M\000\040\000p\000r\000e\000d\000i\000c\000t\000i\000o\000n\000\040\000a\000c\000c\000u\000r\000a\000c\000y}{section.9.1}% 76
\BOOKMARK [2][-]{subsection.9.1.3}{\376\377\000T\000h\000e\000\040\000e\000f\000f\000e\000c\000t\000\040\000o\000f\000\040\000W\000\040\000o\000n\000\040\000R\000B\000M\000\040\000p\000r\000e\000d\000i\000c\000t\000i\000o\000n\000\040\000a\000c\000c\000u\000r\000a\000c\000y}{section.9.1}% 77
\BOOKMARK [2][-]{subsection.9.1.4}{\376\377\000S\000y\000s\000t\000e\000m\000\040\000s\000i\000z\000e\000\040\000e\000f\000f\000e\000c\000t\000\040\000o\000n\000\040\000t\000h\000e\000\040\000R\000B\000M}{section.9.1}% 78
\BOOKMARK [2][-]{subsection.9.1.5}{\376\377\000C\000o\000m\000p\000a\000r\000i\000n\000g\000\040\000c\000o\000m\000p\000u\000t\000a\000t\000i\000o\000n\000\040\000t\000i\000m\000e\000\040\000w\000i\000t\000h\000\040\000d\000i\000a\000g\000o\000n\000a\000l\000i\000z\000a\000t\000i\000o\000n}{section.9.1}% 79
\BOOKMARK [0][-]{chapter.10}{\376\377\000T\000h\000e\000\040\000I\000s\000i\000n\000g\000\040\000m\000o\000d\000e\000l}{part.3}% 80
\BOOKMARK [1][-]{section.10.1}{\376\377\000T\000h\000e\000\040\000I\000s\000i\000n\000g\000\040\000m\000o\000d\000e\000l}{chapter.10}% 81
\BOOKMARK [2][-]{subsection.10.1.1}{\376\377\000T\000h\000e\000\040\000e\000f\000f\000e\000c\000t\000\040\000o\000f\000\040\000J\000\040\000o\000n\000\040\000R\000B\000M\000\040\000p\000r\000e\000d\000i\000c\000t\000i\000o\000n\000\040\000a\000c\000c\000u\000r\000a\000c\000y}{section.10.1}% 82
\BOOKMARK [2][-]{subsection.10.1.2}{\376\377\000T\000h\000e\000\040\000e\000f\000f\000e\000c\000t\000\040\000o\000f\000\040\000L\000\040\000o\000n\000\040\000R\000B\000M\000\040\000p\000r\000e\000d\000i\000c\000t\000i\000o\000n\000\040\000a\000c\000c\000u\000r\000a\000c\000y}{section.10.1}% 83
\BOOKMARK [2][-]{subsection.10.1.3}{\376\377\000C\000o\000m\000p\000a\000r\000i\000n\000g\000\040\000c\000o\000m\000p\000u\000t\000a\000t\000i\000o\000n\000\040\000t\000i\000m\000e\000\040\000w\000i\000t\000h\000\040\000d\000i\000a\000g\000o\000n\000a\000l\000i\000z\000a\000t\000i\000o\000n}{section.10.1}% 84
\BOOKMARK [0][-]{chapter.11}{\376\377\000T\000h\000e\000\040\000H\000e\000i\000s\000e\000n\000b\000e\000r\000g\000\040\000m\000o\000d\000e\000l}{part.3}% 85
\BOOKMARK [1][-]{section.11.1}{\376\377\000T\000h\000e\000\040\000H\000e\000i\000s\000e\000n\000b\000e\000r\000g\000\040\000m\000o\000d\000e\000l}{chapter.11}% 86
\BOOKMARK [2][-]{subsection.11.1.1}{\376\377\000T\000h\000e\000\040\000e\000f\000f\000e\000c\000t\000\040\000o\000f\000\040\000J\000\040\000o\000n\000\040\000R\000B\000M\000\040\000p\000r\000e\000d\000i\000c\000t\000i\000o\000n\000\040\000a\000c\000c\000u\000r\000a\000c\000y}{section.11.1}% 87
\BOOKMARK [2][-]{subsection.11.1.2}{\376\377\000T\000h\000e\000\040\000e\000f\000f\000e\000c\000t\000\040\000o\000f\000\040\000L\000\040\000o\000n\000\040\000R\000B\000M\000\040\000p\000r\000e\000d\000i\000c\000t\000i\000o\000n\000\040\000a\000c\000c\000u\000r\000a\000c\000y}{section.11.1}% 88
\BOOKMARK [2][-]{subsection.11.1.3}{\376\377\000C\000o\000m\000p\000a\000r\000i\000n\000g\000\040\000c\000o\000m\000p\000u\000t\000a\000t\000i\000o\000n\000\040\000t\000i\000m\000e\000\040\000w\000i\000t\000h\000\040\000d\000i\000a\000g\000o\000n\000a\000l\000i\000z\000a\000t\000i\000o\000n}{section.11.1}% 89
\BOOKMARK [0][-]{chapter.12}{\376\377\000T\000h\000e\000\040\000P\000a\000i\000r\000i\000n\000g\000\040\000m\000o\000d\000e\000l}{part.3}% 90
\BOOKMARK [1][-]{section.12.1}{\376\377\000T\000h\000e\000\040\000P\000a\000i\000r\000i\000n\000g\000\040\000m\000o\000d\000e\000l}{chapter.12}% 91
\BOOKMARK [2][-]{subsection.12.1.1}{\376\377\000T\000h\000e\000\040\000e\000f\000f\000e\000c\000t\000\040\000o\000f\000\040\000e\000p\000s\000i\000l\000o\000n\000\040\000o\000n\000\040\000R\000B\000M\000\040\000p\000r\000e\000d\000i\000c\000t\000i\000o\000n\000\040\000a\000c\000c\000u\000r\000a\000c\000y}{section.12.1}% 92
\BOOKMARK [2][-]{subsection.12.1.2}{\376\377\000T\000h\000e\000\040\000e\000f\000f\000e\000c\000t\000\040\000o\000f\000\040\000g\000\040\000o\000n\000\040\000R\000B\000M\000\040\000p\000r\000e\000d\000i\000c\000t\000i\000o\000n\000\040\000a\000c\000c\000u\000r\000a\000c\000y}{section.12.1}% 93
\BOOKMARK [2][-]{subsection.12.1.3}{\376\377\000C\000o\000m\000p\000a\000r\000i\000n\000g\000\040\000c\000o\000m\000p\000u\000t\000a\000t\000i\000o\000n\000\040\000t\000i\000m\000e\000\040\000w\000i\000t\000h\000\040\000d\000i\000a\000g\000o\000n\000a\000l\000i\000z\000a\000t\000i\000o\000n}{section.12.1}% 94
\BOOKMARK [0][-]{chapter.13}{\376\377\000C\000o\000m\000p\000a\000r\000i\000n\000g\000\040\000M\000e\000t\000r\000o\000p\000o\000l\000i\000s\000-\000H\000a\000s\000t\000i\000n\000g\000\040\000a\000l\000g\000o\000r\000i\000t\000h\000m\000\040\000a\000n\000d\000\040\000t\000h\000e\000\040\000G\000i\000b\000b\000s\000\040\000s\000a\000m\000p\000l\000i\000n\000g\000\040\000m\000e\000t\000h\000o\000d}{part.3}% 95
\BOOKMARK [1][-]{section.13.1}{\376\377\000C\000o\000m\000p\000a\000r\000i\000n\000g\000\040\000c\000o\000n\000d\000i\000t\000i\000o\000n\000a\000l\000\040\000a\000c\000c\000e\000p\000t\000a\000n\000c\000e\000\040\000a\000n\000d\000\040\000t\000h\000e\000\040\000G\000i\000b\000b\000s\000\040\000s\000a\000m\000p\000l\000i\000n\000g\000\040\000m\000e\000t\000h\000o\000d\000.}{chapter.13}% 96
\BOOKMARK [-1][-]{part.4}{\376\377\000I\000V\000\040\000C\000o\000n\000c\000l\000u\000s\000i\000o\000n}{}% 97
\BOOKMARK [0][-]{chapter.14}{\376\377\000C\000o\000n\000c\000l\000u\000s\000i\000o\000n}{part.4}% 98
